\BOOKMARK [1][-]{section.1}{Einleitung}{}% 1
\BOOKMARK [2][-]{subsection.1.1}{Projekt\374bersicht}{section.1}% 2
\BOOKMARK [3][-]{subsubsection.1.1.1}{Ziele}{subsection.1.1}% 3
\BOOKMARK [3][-]{subsubsection.1.1.2}{Hauptarbeitsaktivit\344ten und -produkte}{subsection.1.1}% 4
\BOOKMARK [3][-]{subsubsection.1.1.3}{Haupt\205Meilensteine und grober Zeitplan}{subsection.1.1}% 5
\BOOKMARK [3][-]{subsubsection.1.1.4}{Ben\366tigte Ressourcen}{subsection.1.1}% 6
\BOOKMARK [3][-]{subsubsection.1.1.5}{Budget}{subsection.1.1}% 7
\BOOKMARK [3][-]{subsubsection.1.1.6}{Kontaktdaten des Kunden}{subsection.1.1}% 8
\BOOKMARK [3][-]{subsubsection.1.1.7}{Mitarbeiter}{subsection.1.1}% 9
\BOOKMARK [2][-]{subsection.1.2}{Auszuliefernde Produkte}{section.1}% 10
\BOOKMARK [2][-]{subsection.1.3}{Evolution des Plans}{section.1}% 11
\BOOKMARK [2][-]{subsection.1.4}{Referenzen}{section.1}% 12
\BOOKMARK [2][-]{subsection.1.5}{Definitionen und Akronyme}{section.1}% 13
\BOOKMARK [1][-]{section.2}{Projektorganisation}{}% 14
\BOOKMARK [2][-]{subsection.2.1}{Prozessmodell}{section.2}% 15
\BOOKMARK [2][-]{subsection.2.2}{Organisationsstruktur}{section.2}% 16
\BOOKMARK [2][-]{subsection.2.3}{Organisationsgrenzen und \205schnittstellen}{section.2}% 17
\BOOKMARK [2][-]{subsection.2.4}{Verantwortlichkeiten}{section.2}% 18
\BOOKMARK [1][-]{section.3}{Managementprozess}{}% 19
\BOOKMARK [2][-]{subsection.3.1}{Managementprozess und \205priorit\344ten}{section.3}% 20
\BOOKMARK [2][-]{subsection.3.2}{Annahmen, Abh\344ngigkeiten und Einschr\344nkungen}{section.3}% 21
\BOOKMARK [2][-]{subsection.3.3}{Risikomanagement}{section.3}% 22
\BOOKMARK [2][-]{subsection.3.4}{Projekt\374berwachung}{section.3}% 23
\BOOKMARK [2][-]{subsection.3.5}{Mitarbeiter}{section.3}% 24
\BOOKMARK [1][-]{section.4}{Technische Prozesse}{}% 25
\BOOKMARK [2][-]{subsection.4.1}{Methoden, Werkzeuge und Techniken}{section.4}% 26
\BOOKMARK [3][-]{subsubsection.4.1.1}{Entwicklungsplattform}{subsection.4.1}% 27
\BOOKMARK [3][-]{subsubsection.4.1.2}{Entwicklungsmethode}{subsection.4.1}% 28
\BOOKMARK [3][-]{subsubsection.4.1.3}{Programmiersprache und Bibliotheken}{subsection.4.1}% 29
\BOOKMARK [2][-]{subsection.4.2}{Dokumentationsplan}{section.4}% 30
\BOOKMARK [3][-]{subsubsection.4.2.1}{Codingstyle}{subsection.4.2}% 31
\BOOKMARK [3][-]{subsubsection.4.2.2}{Kommentarsprache}{subsection.4.2}% 32
\BOOKMARK [3][-]{subsubsection.4.2.3}{JavaDoc}{subsection.4.2}% 33
\BOOKMARK [3][-]{subsubsection.4.2.4}{Begleitende Dokumentation}{subsection.4.2}% 34
\BOOKMARK [2][-]{subsection.4.3}{Unterst\374tzende Projektfunktionen}{section.4}% 35
\BOOKMARK [1][-]{section.5}{Arbeitspakete, Zeitplan und Budget}{}% 36
\BOOKMARK [2][-]{subsection.5.1}{Arbeitspakete}{section.5}% 37
\BOOKMARK [2][-]{subsection.5.2}{Zeitplan und Abh\344ngigkeiten}{section.5}% 38
\BOOKMARK [2][-]{subsection.5.3}{Ressourcenanforderung}{section.5}% 39
\BOOKMARK [1][-]{section.6}{Sonstige Elemente}{}% 40
\BOOKMARK [2][-]{subsection.6.1}{Pl\344ne f\374r die Konvertierung von Daten}{section.6}% 41
\BOOKMARK [2][-]{subsection.6.2}{Managementpl\344ne f\374r Unterauftragsnehmer}{section.6}% 42
\BOOKMARK [2][-]{subsection.6.3}{Ausbildungspl\344ne}{section.6}% 43
\BOOKMARK [2][-]{subsection.6.4}{Raumpl\344ne}{section.6}% 44
\BOOKMARK [2][-]{subsection.6.5}{Installationspl\344ne}{section.6}% 45
\BOOKMARK [2][-]{subsection.6.6}{Pl\344ne f\374r die \334bergabe des Systems}{section.6}% 46
